D:\Stuboo\c++代码\atk160\Debug\TJRailGun1.pdb
D:\Stuboo\c++代码\atk160\JiangPlay\TJRailGun1\Debug\cl.command.1.tlog
D:\Stuboo\c++代码\atk160\JiangPlay\TJRailGun1\Debug\CL.read.1.tlog
D:\Stuboo\c++代码\atk160\JiangPlay\TJRailGun1\Debug\CL.write.1.tlog
D:\Stuboo\c++代码\atk160\JiangPlay\TJRailGun1\Debug\link.command.1.tlog
D:\Stuboo\c++代码\atk160\JiangPlay\TJRailGun1\Debug\link.read.1.tlog
D:\Stuboo\c++代码\atk160\JiangPlay\TJRailGun1\Debug\link.write.1.tlog
D:\Stuboo\c++代码\atk160\JiangPlay\TJRailGun1\Debug\link-cvtres.read.1.tlog
D:\Stuboo\c++代码\atk160\JiangPlay\TJRailGun1\Debug\link-cvtres.write.1.tlog
D:\Stuboo\c++代码\atk160\JiangPlay\TJRailGun1\Debug\rc.command.1.tlog
D:\Stuboo\c++代码\atk160\JiangPlay\TJRailGun1\Debug\rc.read.1.tlog
D:\Stuboo\c++代码\atk160\JiangPlay\TJRailGun1\Debug\rc.write.1.tlog
D:\STUBOO\C++代码\ATK160\JIANGPLAY\TJRAILGUN1\DEBUG\STDAFX.OBJ
D:\Stuboo\c++代码\atk160\JiangPlay\TJRailGun1\Debug\TJRailGun1.exe.embed.manifest
D:\STUBOO\C++代码\ATK160\JIANGPLAY\TJRAILGUN1\DEBUG\TJRAILGUN1.EXE.EMBED.MANIFEST.RES
D:\Stuboo\c++代码\atk160\JiangPlay\TJRailGun1\Debug\TJRailGun1.exe.intermediate.manifest
D:\STUBOO\C++代码\ATK160\JIANGPLAY\TJRAILGUN1\DEBUG\TJRAILGUN1.OBJ
D:\STUBOO\C++代码\ATK160\JIANGPLAY\TJRAILGUN1\DEBUG\TJRAILGUN1.PCH
D:\Stuboo\c++代码\atk160\JiangPlay\TJRailGun1\Debug\TJRailGun1.write.1.tlog
D:\Stuboo\c++代码\atk160\JiangPlay\TJRailGun1\Debug\TJRailGun1_manifest.rc
D:\Stuboo\c++代码\atk160\JiangPlay\TJRailGun1\Debug\vc100.idb
D:\STUBOO\C++代码\ATK160\JIANGPLAY\TJRAILGUN1\DEBUG\VC100.PDB
