生成启动时间为 2013/8/3 16:07:32。
     1>项目“D:\Stuboo\c++代码\atk160\JiangPlay\TJRailGun1\TJRailGun1.vcxproj”在节点 2 上(build 个目标)。
     1>InitializeBuildStatus:
         正在创建“Debug\TJRailGun1.unsuccessfulbuild”，因为已指定“AlwaysCreate”。
       ClCompile:
         所有输出均为最新。
         C:\Program Files (x86)\Microsoft Visual Studio 10.0\VC\bin\CL.exe /c /I.. /I../../HTKLib /I../../SYNLib /I../../CMU_US_KAL16 /I../../ATKLib /I../../HTKLib/Debug /ZI /nologo /W3 /WX- /Od /Oy- /D WIN32 /D _DEBUG /D _CONSOLE /D _CRT_SECURE_NO_DEPRECATE /D _MBCS /Gm /EHsc /RTC1 /MDd /GS /fp:precise /Zc:wchar_t /Zc:forScope /Fo"Debug\\" /Fd"Debug\vc100.pdb" /Gd /TP /analyze- /errorReport:prompt TJRailGun1.cpp
         TJRailGun1.cpp
     1>d:\stuboo\c++代码\atk160\jiangplay\tjrailgun1\tjrailgun1.cpp(59): warning C4996: 'getche': The POSIX name for this item is deprecated. Instead, use the ISO C++ conformant name: _getche. See online help for details.
                 c:\program files (x86)\microsoft visual studio 10.0\vc\include\conio.h(129) : 参见“getche”的声明
     1>d:\stuboo\c++代码\atk160\jiangplay\tjrailgun1\tjrailgun1.cpp(64): warning C4996: 'getche': The POSIX name for this item is deprecated. Instead, use the ISO C++ conformant name: _getche. See online help for details.
                 c:\program files (x86)\microsoft visual studio 10.0\vc\include\conio.h(129) : 参见“getche”的声明
     1>d:\stuboo\c++代码\atk160\jiangplay\tjrailgun1\tjrailgun1.cpp(16): warning C4101: “i”: 未引用的局部变量
       ManifestResourceCompile:
         所有输出均为最新。
       Link:
         C:\Program Files (x86)\Microsoft Visual Studio 10.0\VC\bin\link.exe /ERRORREPORT:PROMPT /OUT:"D:\Stuboo\c++代码\atk160\Debug\TJRailGun1.exe" /INCREMENTAL /NOLOGO winmm.lib kernel32.lib user32.lib gdi32.lib winspool.lib comdlg32.lib advapi32.lib shell32.lib ole32.lib oleaut32.lib uuid.lib odbc32.lib odbccp32.lib /MANIFEST /ManifestFile:"Debug\TJRailGun1.exe.intermediate.manifest" /MANIFESTUAC:"level='asInvoker' uiAccess='false'" /DEBUG /PDB:"D:\Stuboo\c++代码\atk160\Debug\TJRailGun1.pdb" /SUBSYSTEM:CONSOLE /TLBID:1 /DYNAMICBASE /NXCOMPAT /IMPLIB:"D:\Stuboo\c++代码\atk160\Debug\TJRailGun1.lib" /MACHINE:X86 Debug\TJRailGun1.exe.embed.manifest.res
         Debug\stdafx.obj
         Debug\TJRailGun1.obj
         "D:\Stuboo\c++代码\atk160\ATKLib\Debug\ATKLib.lib"
         "D:\Stuboo\c++代码\atk160\HTKLib\Debug\HTKLib.lib"
       Manifest:
         C:\Program Files (x86)\Microsoft SDKs\Windows\v7.0A\bin\mt.exe /nologo /verbose /out:"Debug\TJRailGun1.exe.embed.manifest" /manifest Debug\TJRailGun1.exe.intermediate.manifest
         所有输出均为最新。
       LinkEmbedManifest:
         所有输出均为最新。
         TJRailGun1.vcxproj -> D:\Stuboo\c++代码\atk160\Debug\TJRailGun1.exe
       FinalizeBuildStatus:
         正在删除文件“Debug\TJRailGun1.unsuccessfulbuild”。
         正在对“Debug\TJRailGun1.lastbuildstate”执行 Touch 任务。
     1>已完成生成项目“D:\Stuboo\c++代码\atk160\JiangPlay\TJRailGun1\TJRailGun1.vcxproj”(build 个目标)的操作。

生成成功。

已用时间 00:00:03.26
