d:\jhh2_work\stuboo\c++代码\atk160\htklib\debug\htklib.pdb
d:\jhh2_work\stuboo\c++代码\atk160\htklib\debug\htklib.idb
d:\jhh2_work\stuboo\c++代码\atk160\htklib\debug\hdict.obj
d:\jhh2_work\stuboo\c++代码\atk160\htklib\debug\hfb.obj
d:\jhh2_work\stuboo\c++代码\atk160\htklib\debug\hgraf.obj
d:\jhh2_work\stuboo\c++代码\atk160\htklib\debug\hlabel.obj
d:\jhh2_work\stuboo\c++代码\atk160\htklib\debug\hlat.obj
d:\jhh2_work\stuboo\c++代码\atk160\htklib\debug\hlm.obj
d:\jhh2_work\stuboo\c++代码\atk160\htklib\debug\hmath.obj
d:\jhh2_work\stuboo\c++代码\atk160\htklib\debug\hmem.obj
d:\jhh2_work\stuboo\c++代码\atk160\htklib\debug\hmodel.obj
d:\jhh2_work\stuboo\c++代码\atk160\htklib\debug\hnbest.obj
d:\jhh2_work\stuboo\c++代码\atk160\htklib\debug\hnet.obj
d:\jhh2_work\stuboo\c++代码\atk160\htklib\debug\hparm.obj
d:\jhh2_work\stuboo\c++代码\atk160\htklib\debug\hrec.obj
d:\jhh2_work\stuboo\c++代码\atk160\htklib\debug\hshell.obj
d:\jhh2_work\stuboo\c++代码\atk160\htklib\debug\hsigp.obj
d:\jhh2_work\stuboo\c++代码\atk160\htklib\debug\hthreads.obj
d:\jhh2_work\stuboo\c++代码\atk160\htklib\debug\htrain.obj
d:\jhh2_work\stuboo\c++代码\atk160\htklib\debug\hutil.obj
d:\jhh2_work\stuboo\c++代码\atk160\htklib\debug\hvq.obj
d:\jhh2_work\stuboo\c++代码\atk160\htklib\debug\hwave.obj
d:\jhh2_work\stuboo\c++代码\atk160\htklib\debug\hadapt.obj
d:\jhh2_work\stuboo\c++代码\atk160\htklib\debug\haudio.obj
d:\jhh2_work\stuboo\c++代码\atk160\htklib\debug\htklib.lib
d:\jhh2_work\stuboo\c++代码\atk160\htklib\debug\htklib.tlog\cl.command.1.tlog
d:\jhh2_work\stuboo\c++代码\atk160\htklib\debug\htklib.tlog\cl.read.1.tlog
d:\jhh2_work\stuboo\c++代码\atk160\htklib\debug\htklib.tlog\cl.write.1.tlog
d:\jhh2_work\stuboo\c++代码\atk160\htklib\debug\htklib.tlog\lib-link.read.1.tlog
d:\jhh2_work\stuboo\c++代码\atk160\htklib\debug\htklib.tlog\lib-link.write.1.tlog
d:\jhh2_work\stuboo\c++代码\atk160\htklib\debug\htklib.tlog\lib.command.1.tlog
