d:\jhh2_work\stuboo\c++代码\atk160\atklib\debug\atklib.pdb
d:\jhh2_work\stuboo\c++代码\atk160\atklib\debug\atklib.idb
d:\jhh2_work\stuboo\c++代码\atk160\atklib\debug\abuffer.obj
d:\jhh2_work\stuboo\c++代码\atk160\atklib\debug\acode.obj
d:\jhh2_work\stuboo\c++代码\atk160\atklib\debug\acomponent.obj
d:\jhh2_work\stuboo\c++代码\atk160\atklib\debug\adict.obj
d:\jhh2_work\stuboo\c++代码\atk160\atklib\debug\agram.obj
d:\jhh2_work\stuboo\c++代码\atk160\atklib\debug\ahmms.obj
d:\jhh2_work\stuboo\c++代码\atk160\atklib\debug\ahtk.obj
d:\jhh2_work\stuboo\c++代码\atk160\atklib\debug\aio.obj
d:\jhh2_work\stuboo\c++代码\atk160\atklib\debug\alog.obj
d:\jhh2_work\stuboo\c++代码\atk160\atklib\debug\amonitor.obj
d:\jhh2_work\stuboo\c++代码\atk160\atklib\debug\angram.obj
d:\jhh2_work\stuboo\c++代码\atk160\atklib\debug\apacket.obj
d:\jhh2_work\stuboo\c++代码\atk160\atklib\debug\arec.obj
d:\jhh2_work\stuboo\c++代码\atk160\atklib\debug\aresource.obj
d:\jhh2_work\stuboo\c++代码\atk160\atklib\debug\arman.obj
d:\jhh2_work\stuboo\c++代码\atk160\atklib\debug\asource.obj
d:\jhh2_work\stuboo\c++代码\atk160\atklib\debug\asplash.obj
d:\jhh2_work\stuboo\c++代码\atk160\atklib\debug\asyn.obj
d:\jhh2_work\stuboo\c++代码\atk160\atklib\debug\atee.obj
d:\jhh2_work\stuboo\c++代码\atk160\atklib\debug\atklib.lib
d:\jhh2_work\stuboo\c++代码\atk160\atklib\debug\atklib.tlog\cl.command.1.tlog
d:\jhh2_work\stuboo\c++代码\atk160\atklib\debug\atklib.tlog\cl.read.1.tlog
d:\jhh2_work\stuboo\c++代码\atk160\atklib\debug\atklib.tlog\cl.write.1.tlog
d:\jhh2_work\stuboo\c++代码\atk160\atklib\debug\atklib.tlog\lib-link.read.1.tlog
d:\jhh2_work\stuboo\c++代码\atk160\atklib\debug\atklib.tlog\lib-link.write.1.tlog
d:\jhh2_work\stuboo\c++代码\atk160\atklib\debug\atklib.tlog\lib.command.1.tlog
