d:\jhh2_work\stuboo\c++代码\atk160\us_english\debug\us_english.pdb
d:\jhh2_work\stuboo\c++代码\atk160\us_english\debug\us_english.idb
d:\jhh2_work\stuboo\c++代码\atk160\us_english\debug\us_aswd.obj
d:\jhh2_work\stuboo\c++代码\atk160\us_english\debug\us_dur_stats.obj
d:\jhh2_work\stuboo\c++代码\atk160\us_english\debug\us_durz_cart.obj
d:\jhh2_work\stuboo\c++代码\atk160\us_english\debug\us_expand.obj
d:\jhh2_work\stuboo\c++代码\atk160\us_english\debug\us_f0_model.obj
d:\jhh2_work\stuboo\c++代码\atk160\us_english\debug\us_f0lr.obj
d:\jhh2_work\stuboo\c++代码\atk160\us_english\debug\us_ffeatures.obj
d:\jhh2_work\stuboo\c++代码\atk160\us_english\debug\us_gpos.obj
d:\jhh2_work\stuboo\c++代码\atk160\us_english\debug\us_int_accent_cart.obj
d:\jhh2_work\stuboo\c++代码\atk160\us_english\debug\us_int_tone_cart.obj
d:\jhh2_work\stuboo\c++代码\atk160\us_english\debug\us_nums_cart.obj
d:\jhh2_work\stuboo\c++代码\atk160\us_english\debug\us_phoneset.obj
d:\jhh2_work\stuboo\c++代码\atk160\us_english\debug\us_phrasing_cart.obj
d:\jhh2_work\stuboo\c++代码\atk160\us_english\debug\us_postlex.obj
d:\jhh2_work\stuboo\c++代码\atk160\us_english\debug\us_text.obj
d:\jhh2_work\stuboo\c++代码\atk160\us_english\debug\usenglish.obj
d:\jhh2_work\stuboo\c++代码\atk160\us_english\debug\us_english.lib
d:\jhh2_work\stuboo\c++代码\atk160\us_english\debug\us_english.tlog\cl.command.1.tlog
d:\jhh2_work\stuboo\c++代码\atk160\us_english\debug\us_english.tlog\cl.read.1.tlog
d:\jhh2_work\stuboo\c++代码\atk160\us_english\debug\us_english.tlog\cl.write.1.tlog
d:\jhh2_work\stuboo\c++代码\atk160\us_english\debug\us_english.tlog\lib-link.read.1.tlog
d:\jhh2_work\stuboo\c++代码\atk160\us_english\debug\us_english.tlog\lib-link.write.1.tlog
d:\jhh2_work\stuboo\c++代码\atk160\us_english\debug\us_english.tlog\lib.command.1.tlog
